2024-04-02 14:48:27,275 INFO o.a.j.u.JMeterUtils: Setting Locale to en_EN
2024-04-02 14:48:27,288 INFO o.a.j.JMeter: Loading user properties from: /opt/homebrew/Cellar/jmeter/5.6.3/libexec/bin/user.properties
2024-04-02 14:48:27,289 INFO o.a.j.JMeter: Loading system properties from: /opt/homebrew/Cellar/jmeter/5.6.3/libexec/bin/system.properties
2024-04-02 14:48:27,291 INFO o.a.j.JMeter: Copyright (c) 1998-2024 The Apache Software Foundation
2024-04-02 14:48:27,291 INFO o.a.j.JMeter: Version 5.6.3
2024-04-02 14:48:27,291 INFO o.a.j.JMeter: java.version=21.0.2
2024-04-02 14:48:27,291 INFO o.a.j.JMeter: java.vm.name=OpenJDK 64-Bit Server VM
2024-04-02 14:48:27,291 INFO o.a.j.JMeter: os.name=Mac OS X
2024-04-02 14:48:27,291 INFO o.a.j.JMeter: os.arch=aarch64
2024-04-02 14:48:27,291 INFO o.a.j.JMeter: os.version=14.4.1
2024-04-02 14:48:27,291 INFO o.a.j.JMeter: file.encoding=UTF-8
2024-04-02 14:48:27,291 INFO o.a.j.JMeter: java.awt.headless=null
2024-04-02 14:48:27,291 INFO o.a.j.JMeter: Max memory     =1073741824
2024-04-02 14:48:27,291 INFO o.a.j.JMeter: Available Processors =8
2024-04-02 14:48:27,297 INFO o.a.j.JMeter: Default Locale=English (EN)
2024-04-02 14:48:27,297 INFO o.a.j.JMeter: JMeter  Locale=English (EN)
2024-04-02 14:48:27,297 INFO o.a.j.JMeter: JMeterHome=/opt/homebrew/Cellar/jmeter/5.6.3/libexec
2024-04-02 14:48:27,297 INFO o.a.j.JMeter: user.dir  =/Users/ben.yi/Desktop/web/ncumt
2024-04-02 14:48:27,297 INFO o.a.j.JMeter: PWD       =/Users/ben.yi/Desktop/web/ncumt
2024-04-02 14:48:27,374 INFO o.a.j.JMeter: IP: 10.171.24.12 Name: ben.yi FullName: 10.171.24.12
2024-04-02 14:48:27,381 INFO o.a.j.JMeter: Loaded icon properties from org/apache/jmeter/images/icon.properties
2024-04-02 14:48:27,660 INFO o.a.j.JMeterGuiLauncher: Setting LAF to: com.github.weisj.darklaf.DarkLaf:com.github.weisj.darklaf.theme.DarculaTheme
2024-04-02 14:48:28,787 INFO o.a.j.r.ClassFinder: Will scan jar /opt/homebrew/Cellar/jmeter/5.6.3/libexec/lib/ext/jmeter-plugins-manager-1.9.jar with filter ExtendsClassFilter [parents=[interface org.apache.jmeter.gui.action.Command], inner=false, contains=null, notContains=null]. Consider exposing JMeter plugins via META-INF/services, and add JMeter-Skip-Class-Scanning=true manifest attribute so JMeter can skip classfile scanning
2024-04-02 14:48:28,819 INFO o.a.j.r.ClassFinder: Will scan jar /opt/homebrew/Cellar/jmeter/5.6.3/libexec/lib/ext/json-20240303.jar with filter ExtendsClassFilter [parents=[interface org.apache.jmeter.gui.action.Command], inner=false, contains=null, notContains=null]. Consider exposing JMeter plugins via META-INF/services, and add JMeter-Skip-Class-Scanning=true manifest attribute so JMeter can skip classfile scanning
2024-04-02 14:48:28,857 INFO o.a.j.r.ClassFinder: Will scan jar /opt/homebrew/Cellar/jmeter/5.6.3/libexec/lib/ext/jmeter-plugins-manager-1.9.jar with filter ExtendsClassFilter [parents=[interface org.apache.jmeter.gui.plugin.MenuCreator], inner=false, contains=null, notContains=null]. Consider exposing JMeter plugins via META-INF/services, and add JMeter-Skip-Class-Scanning=true manifest attribute so JMeter can skip classfile scanning
2024-04-02 14:48:28,859 INFO o.a.j.r.ClassFinder: Will scan jar /opt/homebrew/Cellar/jmeter/5.6.3/libexec/lib/ext/json-20240303.jar with filter ExtendsClassFilter [parents=[interface org.apache.jmeter.gui.plugin.MenuCreator], inner=false, contains=null, notContains=null]. Consider exposing JMeter plugins via META-INF/services, and add JMeter-Skip-Class-Scanning=true manifest attribute so JMeter can skip classfile scanning
2024-04-02 14:48:28,931 INFO o.j.r.JARSourceHTTP: Requesting https://jmeter-plugins.org/repo/?installID=mac_os_x-b0a99771a991eccf16b988eb400ad1b6-gui
2024-04-02 14:48:30,642 INFO o.j.r.PluginManager: Plugins Status: [jpgc-plugins-manager=1.9, jmeter-core=5.6.3, jmeter-ftp=5.6.3, jmeter-http=5.6.3, jmeter-jdbc=5.6.3, jmeter-jms=5.6.3, jmeter-junit=5.6.3, jmeter-java=5.6.3, jmeter-ldap=5.6.3, jmeter-mail=5.6.3, jmeter-mongodb=5.6.3, jmeter-native=5.6.3, jmeter-tcp=5.6.3, jmeter-components=5.6.3]
2024-04-02 14:48:30,645 INFO o.j.r.PluginManagerMenuItem: Plugins Manager has upgrades: [jpgc-plugins-manager]
2024-04-02 14:48:34,459 INFO o.a.j.s.FileServer: Default base='/Users/ben.yi/Desktop/web/ncumt'
2024-04-02 14:48:38,665 INFO o.a.j.g.a.Load: Loading file: /Users/ben.yi/orderCartNew.jmx
2024-04-02 14:48:38,665 INFO o.a.j.s.FileServer: Set new base='/Users/ben.yi'
2024-04-02 14:48:38,759 INFO o.a.j.s.SaveService: Testplan (JMX) version: 2.2. Testlog (JTL) version: 2.2
2024-04-02 14:48:38,763 INFO o.a.j.s.SaveService: Using SaveService properties version 5.0
2024-04-02 14:48:38,765 INFO o.a.j.s.SaveService: Using SaveService properties file encoding UTF-8
2024-04-02 14:48:38,766 INFO o.a.j.s.SaveService: Loading file: /Users/ben.yi/orderCartNew.jmx
2024-04-02 14:48:38,819 INFO o.a.j.p.h.s.HTTPSamplerBase: Parser for text/html is org.apache.jmeter.protocol.http.parser.LagartoBasedHtmlParser
2024-04-02 14:48:38,819 INFO o.a.j.p.h.s.HTTPSamplerBase: Parser for application/xhtml+xml is org.apache.jmeter.protocol.http.parser.LagartoBasedHtmlParser
2024-04-02 14:48:38,819 INFO o.a.j.p.h.s.HTTPSamplerBase: Parser for application/xml is org.apache.jmeter.protocol.http.parser.LagartoBasedHtmlParser
2024-04-02 14:48:38,819 INFO o.a.j.p.h.s.HTTPSamplerBase: Parser for text/xml is org.apache.jmeter.protocol.http.parser.LagartoBasedHtmlParser
2024-04-02 14:48:38,819 INFO o.a.j.p.h.s.HTTPSamplerBase: Parser for text/vnd.wap.wml is org.apache.jmeter.protocol.http.parser.RegexpHTMLParser
2024-04-02 14:48:38,819 INFO o.a.j.p.h.s.HTTPSamplerBase: Parser for text/css is org.apache.jmeter.protocol.http.parser.CssParser
2024-04-02 14:48:39,050 INFO o.a.j.s.SampleResult: Note: Sample TimeStamps are START times
2024-04-02 14:48:39,051 INFO o.a.j.s.SampleResult: sampleresult.default.encoding is set to UTF-8
2024-04-02 14:48:39,051 INFO o.a.j.s.SampleResult: sampleresult.useNanoTime=true
2024-04-02 14:48:39,051 INFO o.a.j.s.SampleResult: sampleresult.nanoThreadSleep=5000
2024-04-02 14:48:39,095 INFO o.a.j.r.ClassFinder: Will scan jar /opt/homebrew/Cellar/jmeter/5.6.3/libexec/lib/ext/jmeter-plugins-manager-1.9.jar with filter ExtendsClassFilter [parents=[interface org.apache.jmeter.visualizers.ResultRenderer], inner=false, contains=null, notContains=null]. Consider exposing JMeter plugins via META-INF/services, and add JMeter-Skip-Class-Scanning=true manifest attribute so JMeter can skip classfile scanning
2024-04-02 14:48:39,097 INFO o.a.j.r.ClassFinder: Will scan jar /opt/homebrew/Cellar/jmeter/5.6.3/libexec/lib/ext/json-20240303.jar with filter ExtendsClassFilter [parents=[interface org.apache.jmeter.visualizers.ResultRenderer], inner=false, contains=null, notContains=null]. Consider exposing JMeter plugins via META-INF/services, and add JMeter-Skip-Class-Scanning=true manifest attribute so JMeter can skip classfile scanning
2024-04-02 14:48:39,104 INFO o.a.j.r.ClassFinder: Will scan jar /opt/homebrew/Cellar/jmeter/5.6.3/libexec/lib/ext/jmeter-plugins-manager-1.9.jar with filter ExtendsClassFilter [parents=[interface org.apache.jmeter.visualizers.RequestView], inner=false, contains=null, notContains=null]. Consider exposing JMeter plugins via META-INF/services, and add JMeter-Skip-Class-Scanning=true manifest attribute so JMeter can skip classfile scanning
2024-04-02 14:48:39,106 INFO o.a.j.r.ClassFinder: Will scan jar /opt/homebrew/Cellar/jmeter/5.6.3/libexec/lib/ext/json-20240303.jar with filter ExtendsClassFilter [parents=[interface org.apache.jmeter.visualizers.RequestView], inner=false, contains=null, notContains=null]. Consider exposing JMeter plugins via META-INF/services, and add JMeter-Skip-Class-Scanning=true manifest attribute so JMeter can skip classfile scanning
2024-04-02 14:48:39,142 INFO o.a.j.s.FileServer: Set new base='/Users/ben.yi'
2024-04-02 14:48:47,190 INFO o.a.j.e.StandardJMeterEngine: Running the test!
2024-04-02 14:48:47,191 INFO o.a.j.s.SampleEvent: List of sample_variables: []
2024-04-02 14:48:47,191 INFO o.a.j.s.SampleEvent: List of sample_variables: []
2024-04-02 14:48:47,192 INFO o.a.j.e.u.CompoundVariable: Note: Function class names must contain the string: '.functions.'
2024-04-02 14:48:47,192 INFO o.a.j.e.u.CompoundVariable: Note: Function class names must not contain the string: '.gui.'
2024-04-02 14:48:47,204 INFO o.a.j.r.ClassFinder: Will scan jar /opt/homebrew/Cellar/jmeter/5.6.3/libexec/lib/ext/jmeter-plugins-manager-1.9.jar with filter ExtendsClassFilter [parents=[interface org.apache.jmeter.functions.Function], inner=false, contains=null, notContains=null]. Consider exposing JMeter plugins via META-INF/services, and add JMeter-Skip-Class-Scanning=true manifest attribute so JMeter can skip classfile scanning
2024-04-02 14:48:47,206 INFO o.a.j.r.ClassFinder: Will scan jar /opt/homebrew/Cellar/jmeter/5.6.3/libexec/lib/ext/json-20240303.jar with filter ExtendsClassFilter [parents=[interface org.apache.jmeter.functions.Function], inner=false, contains=null, notContains=null]. Consider exposing JMeter plugins via META-INF/services, and add JMeter-Skip-Class-Scanning=true manifest attribute so JMeter can skip classfile scanning
2024-04-02 14:48:47,209 INFO o.a.j.g.u.JMeterMenuBar: setRunning(true, *local*)
2024-04-02 14:48:47,234 INFO o.a.j.e.StandardJMeterEngine: Starting ThreadGroup: 1 : Thread Group
2024-04-02 14:48:47,235 INFO o.a.j.e.StandardJMeterEngine: Starting 1 threads for group Thread Group.
2024-04-02 14:48:47,235 INFO o.a.j.e.StandardJMeterEngine: Thread will continue on error
2024-04-02 14:48:47,235 INFO o.a.j.t.ThreadGroup: Starting thread group... number=1 threads=1 ramp-up=1 delayedStart=false
2024-04-02 14:48:47,236 INFO o.a.j.t.ThreadGroup: Started thread group number 1
2024-04-02 14:48:47,236 INFO o.a.j.e.StandardJMeterEngine: All thread groups have been started
2024-04-02 14:48:47,237 INFO o.a.j.t.JMeterThread: Thread started: Thread Group 1-1
2024-04-02 14:48:47,240 INFO o.a.j.p.h.s.HTTPHCAbstractImpl: Local host = ben.yi
2024-04-02 14:48:47,243 INFO o.a.j.p.h.s.HTTPHC4Impl: HTTP request retry count = 0
2024-04-02 14:48:47,331 INFO o.a.j.p.h.s.h.LazyLayeredConnectionSocketFactory: Setting up HTTPS TrustAll Socket Factory
2024-04-02 14:48:47,332 INFO o.a.j.u.JsseSSLManager: Using default SSL protocol: TLS
2024-04-02 14:48:47,332 INFO o.a.j.u.JsseSSLManager: SSL session context: per-thread
2024-04-02 14:48:47,411 INFO o.a.j.u.SSLManager: JmeterKeyStore Location:  type JKS
2024-04-02 14:48:47,412 INFO o.a.j.u.SSLManager: KeyStore created OK
2024-04-02 14:48:47,412 WARN o.a.j.u.SSLManager: Keystore file not found, loading empty keystore
2024-04-02 14:48:50,627 INFO o.a.j.t.JMeterThread: Thread is done: Thread Group 1-1
2024-04-02 14:48:50,628 INFO o.a.j.t.JMeterThread: Thread finished: Thread Group 1-1
2024-04-02 14:48:50,631 INFO o.a.j.e.StandardJMeterEngine: Notifying test listeners of end of test
2024-04-02 14:48:50,638 INFO o.a.j.g.u.JMeterMenuBar: setRunning(false, *local*)
2024-04-02 14:50:23,174 INFO o.a.j.e.StandardJMeterEngine: Running the test!
2024-04-02 14:50:23,176 INFO o.a.j.s.SampleEvent: List of sample_variables: []
2024-04-02 14:50:23,177 INFO o.a.j.g.u.JMeterMenuBar: setRunning(true, *local*)
2024-04-02 14:50:23,228 INFO o.a.j.e.StandardJMeterEngine: Starting ThreadGroup: 1 : Thread Group
2024-04-02 14:50:23,229 INFO o.a.j.e.StandardJMeterEngine: Starting 1 threads for group Thread Group.
2024-04-02 14:50:23,229 INFO o.a.j.e.StandardJMeterEngine: Thread will continue on error
2024-04-02 14:50:23,229 INFO o.a.j.t.ThreadGroup: Starting thread group... number=1 threads=1 ramp-up=1 delayedStart=false
2024-04-02 14:50:23,229 INFO o.a.j.t.ThreadGroup: Started thread group number 1
2024-04-02 14:50:23,229 INFO o.a.j.e.StandardJMeterEngine: All thread groups have been started
2024-04-02 14:50:23,229 INFO o.a.j.t.JMeterThread: Thread started: Thread Group 1-1
2024-04-02 14:54:54,765 INFO o.a.j.t.JMeterThread: Thread is done: Thread Group 1-1
2024-04-02 14:54:54,767 INFO o.a.j.t.JMeterThread: Thread finished: Thread Group 1-1
2024-04-02 14:54:54,770 INFO o.a.j.e.StandardJMeterEngine: Notifying test listeners of end of test
2024-04-02 14:54:54,771 INFO o.a.j.g.u.JMeterMenuBar: setRunning(false, *local*)
